***************************************************************************
*                          M-SPARC (Feb 20, 2020)                         *
*   Copyright (c) 2019 Material Physics & Mechanics Group, Georgia Tech   *
*           Distributed under GNU General Public License 3 (GPL)          *
*                Date: 28-Oct-2022  Start time: 11:53:16                  *
***************************************************************************
                           Input parameters                                
***************************************************************************
CELL: 24.000000 0.418879 4.647785 
FD_GRID: 120 40 23
FD_ORDER: 12
BC: D C P
KPOINT_GRID: 1 10 1
KPOINT_SHIFT: 0 0 0
ELEC_TEMP_TYPE: gaussian
SMEARING: 0.007349864
CHEB_DEGREE: 35
NSTATES: 15
EXCHANGE_CORRELATION: LDA_PW
CALC_STRESS: 1
MAXIT_SCF: 100
TOL_SCF: 1.00E-04
TOL_POISSON: 1.00E-06
TOL_LANCZOS: 1.00E-02
TOL_PSEUDOCHARGE: 1.00E-06
MIXING_VARIABLE: potential
MIXING_PRECOND: none
MIXING_PARAMETER: 0.30
MIXING_HISTORY: 7
PULAY_FREQUENCY: 1
PULAY_RESTART_FREQ: 0
REFERENCE_CUTOFF: 0.50
RHO_TRIGGER: 4
FIX_RAND: 0
PRINT_FORCES: 1
PRINT_ATOMS: 1
PRINT_EIGEN: 1
PRINT_DENSITY: 0
OUTPUT_FILE: /storage/hive/scratch/6/abhardwaj73/Spin_GGA_check/MSPARC/Cyclix_MS_200220/LDA_CNT/C.out
***************************************************************************
                             Initialization                                
***************************************************************************
Mesh spacing in x-direction        :  0.200000 (Bohr)
Mesh spacing in y-direction        :  0.201255 (Bohr)
Mesh spacing in z direction        :  0.202078 (Bohr)
Number of symmetry adapted k-points:  8
Output printed to                  :  /storage/hive/scratch/6/abhardwaj73/Spin_GGA_check/MSPARC/Cyclix_MS_200220/LDA_CNT/C.out
Total number of atom types         :  1
Total number of atoms              :  4
Total number of electrons          :  16
Atom type 1  (valence electrons)   :  C 4
Pseudopotential                    :  ./C.psp8
lloc                               :  4
Pseudocharge radii of atom type 1  :  6.20 0.32 6.22
Number of atoms of type 1          :  4
Estimated total memory usage       :  1.10 GB
=====================================================================
                    Self Consistent Field (SCF#1)                     
=====================================================================
Iteration     Free Energy (Ha/atom)   SCF Error        Timing (sec)
1            -5.5700399614E+00        2.414E-01        330.794
2            -5.6662028556E+00        1.611E-01        68.040
3            -5.6791858392E+00        1.521E-01        66.955
4            -5.6835383291E+00        6.273E-02        67.831
5            -5.6844858590E+00        8.879E-03        66.791
6            -5.6845512093E+00        6.492E-03        65.956
7            -5.6845623034E+00        7.795E-03        66.393
8            -5.6845633811E+00        8.185E-03        66.888
9            -5.6845616483E+00        8.698E-03        64.874
10           -5.6845589407E+00        8.753E-03        64.419
11           -5.6845607599E+00        8.645E-03        64.187
12           -5.6845585318E+00        8.533E-03        64.124
13           -5.6845574435E+00        8.286E-03        64.249
14           -5.6845576624E+00        8.064E-03        64.210
15           -5.6845582880E+00        5.672E-04        65.371
16           -5.6845608864E+00        3.131E-04        65.125
17           -5.6845618480E+00        2.482E-04        64.907
18           -5.6845620286E+00        1.821E-04        64.327
19           -5.6845617510E+00        8.012E-05        64.681
Total number of SCF: 19    
====================================================================
                                Energy                              
====================================================================
Free energy per atom               : -5.6845617510E+00 (Ha/atom)
Total free energy                  : -2.2738247004E+01 (Ha)
Band structure energy              : -7.9191996407E+00 (Ha)
Exchange correlation energy        : -6.9835551269E+00 (Ha)
Self and correction energy         : -6.6927870762E+01 (Ha)
Entropy*kb*T                       : -3.0536039960E-08 (Ha)
Fermi level                        : -2.3109595333E-01 (Ha)
Average force                      :  1.2232622307E-01 (Ha/Bohr)
Maximum force                      :  1.2239238427E-01 (Ha/Bohr)
Time for force calculation         :  17.684 (sec)
Stress (Ha/Bohr)                   :
  1.3026718471E+00 
Stress equiv. all periodic (GPa)   :
  1.3224629637E+01 
Max stress                         :  1.3026718471E+00 (Ha/Bohr)
Max stress equiv. all periodic     :  1.3224629637E+01 (GPa)
Time for stress calculation        :  7.008 (sec)
