***************************************************************************
*                          M-SPARC (Feb 20, 2020)                         *
*   Copyright (c) 2019 Material Physics & Mechanics Group, Georgia Tech   *
*           Distributed under GNU General Public License 3 (GPL)          *
*                Date: 28-Oct-2022  Start time: 11:11:50                  *
***************************************************************************
                           Input parameters                                
***************************************************************************
CELL: 24.000000 0.418879 4.647785 
FD_GRID: 120 40 23
FD_ORDER: 12
BC: D C P
KPOINT_GRID: 1 10 1
KPOINT_SHIFT: 0 0 0
SPIN_TYP: 2
ELEC_TEMP_TYPE: gaussian
SMEARING: 0.007349864
CHEB_DEGREE: 35
NSTATES: 15
EXCHANGE_CORRELATION: GGA_PBE
CALC_STRESS: 1
MAXIT_SCF: 100
TOL_SCF: 1.00E-04
TOL_POISSON: 1.00E-06
TOL_LANCZOS: 1.00E-02
TOL_PSEUDOCHARGE: 1.00E-06
MIXING_VARIABLE: potential
MIXING_PRECOND: none
MIXING_PARAMETER: 0.30
MIXING_HISTORY: 7
PULAY_FREQUENCY: 1
PULAY_RESTART_FREQ: 0
REFERENCE_CUTOFF: 0.50
RHO_TRIGGER: 4
FIX_RAND: 0
PRINT_FORCES: 1
PRINT_ATOMS: 1
PRINT_EIGEN: 1
PRINT_DENSITY: 0
OUTPUT_FILE: /storage/hive/scratch/6/abhardwaj73/Spin_GGA_check/MSPARC/Cyclix_MS_200220/GGA_spin_CNT/C.out
***************************************************************************
                             Initialization                                
***************************************************************************
Mesh spacing in x-direction        :  0.200000 (Bohr)
Mesh spacing in y-direction        :  0.201255 (Bohr)
Mesh spacing in z direction        :  0.202078 (Bohr)
Number of symmetry adapted k-points:  8
Output printed to                  :  /storage/hive/scratch/6/abhardwaj73/Spin_GGA_check/MSPARC/Cyclix_MS_200220/GGA_spin_CNT/C.out
Total number of atom types         :  1
Total number of atoms              :  4
Total number of electrons          :  16
Atom type 1  (valence electrons)   :  C 4
Pseudopotential                    :  ./C.psp8
lloc                               :  4
Pseudocharge radii of atom type 1  :  6.20 0.32 6.21
Number of atoms of type 1          :  4
Estimated total memory usage       :  1.90 GB
========================================================================================
                            Self Consistent Field (SCF#1)                     
========================================================================================
Iteration     Free Energy (Ha/atom)    Magnetization     SCF Error        Timing (sec)
1            -4.9779048941E+00         1.8083E+00        5.112E+00        765.324
2            -4.8591151732E+00         2.6910E+00        2.991E+00        159.463
3            -5.1509419533E+00         3.6035E-01        1.626E-01        160.566
4            -5.4643589165E+00        -6.1768E-03        1.018E-01        160.121
5            -5.5396817298E+00         1.2323E-01        5.845E-02        158.223
6            -5.5785021168E+00         1.2767E-06        3.752E-02        159.225
7            -5.5933610778E+00         1.2767E-06        2.594E-02        158.854
8            -5.5959105950E+00         1.2624E-06        1.859E-02        158.432
9            -5.5965111081E+00         8.7465E-07        7.680E-03        158.568
10           -5.5966030743E+00         7.9875E-07        9.676E-03        157.446
11           -5.5966281618E+00         5.2629E-07        5.954E-03        156.724
12           -5.5966382211E+00         1.3460E-07        2.654E-03        157.532
13           -5.5966412039E+00        -1.2420E-08        1.575E-03        157.753
14           -5.5966417657E+00        -2.4123E-08        7.210E-04        157.909
15           -5.5966409626E+00         2.9516E-08        3.524E-04        157.934
16           -5.5966412774E+00         2.6682E-08        2.225E-04        155.835
17           -5.5966411778E+00         2.8942E-09        9.816E-05        155.722
Total number of SCF: 17    
====================================================================
                                Energy                              
====================================================================
Free energy per atom               : -5.5966411778E+00 (Ha/atom)
Total free energy                  : -2.2386564711E+01 (Ha)
Band structure energy              : -7.7588510777E+00 (Ha)
Exchange correlation energy        : -7.0299270176E+00 (Ha)
Self and correction energy         : -4.1399903621E+01 (Ha)
Entropy*kb*T                       : -3.0359798574E-08 (Ha)
Fermi level                        : -2.1653468759E-01 (Ha)
Net Magnetization                  :  2.8942004349E-09 
Average force                      :  1.2099442424E-01 (Ha/Bohr)
Maximum force                      :  1.2145202413E-01 (Ha/Bohr)
Time for force calculation         :  33.340 (sec)
Stress (Ha/Bohr)                   :
  3.6099860572E-01 
Stress equiv. all periodic (GPa)   :
  3.6648315312E+00 
Max stress                         :  3.6099860572E-01 (Ha/Bohr)
Max stress equiv. all periodic     :  3.6648315312E+00 (GPa)
Time for stress calculation        :  11.468 (sec)
