***************************************************************************
*                          M-SPARC (Feb 20, 2020)                         *
*   Copyright (c) 2019 Material Physics & Mechanics Group, Georgia Tech   *
*           Distributed under GNU General Public License 3 (GPL)          *
*                Date: 31-Oct-2022  Start time: 15:01:31                  *
***************************************************************************
                           Input parameters                                
***************************************************************************
CELL: 24.000000 0.418879 4.647785 
FD_GRID: 120 40 23
FD_ORDER: 12
BC: D C P
KPOINT_GRID: 1 10 1
KPOINT_SHIFT: 0 0 0
SPIN_TYP: 2
ELEC_TEMP_TYPE: gaussian
SMEARING: 0.007349864
CHEB_DEGREE: 35
NSTATES: 15
EXCHANGE_CORRELATION: GGA_PBE
CALC_STRESS: 1
MAXIT_SCF: 100
TOL_SCF: 1.00E-04
TOL_POISSON: 1.00E-06
TOL_LANCZOS: 1.00E-02
TOL_PSEUDOCHARGE: 1.00E-06
MIXING_VARIABLE: potential
MIXING_PRECOND: none
MIXING_PARAMETER: 0.30
MIXING_HISTORY: 7
PULAY_FREQUENCY: 1
PULAY_RESTART_FREQ: 0
REFERENCE_CUTOFF: 0.50
RHO_TRIGGER: 4
FIX_RAND: 0
PRINT_FORCES: 1
PRINT_ATOMS: 1
PRINT_EIGEN: 1
PRINT_DENSITY: 0
OUTPUT_FILE: /storage/hive/scratch/6/abhardwaj73/Spin_GGA_check/MSPARC/Cyclix_MS_200220/GGA_spin_wrong_sg15/C.out
***************************************************************************
                             Initialization                                
***************************************************************************
Mesh spacing in x-direction        :  0.200000 (Bohr)
Mesh spacing in y-direction        :  0.201255 (Bohr)
Mesh spacing in z direction        :  0.202078 (Bohr)
Number of symmetry adapted k-points:  8
Output printed to                  :  /storage/hive/scratch/6/abhardwaj73/Spin_GGA_check/MSPARC/Cyclix_MS_200220/GGA_spin_wrong_sg15/C.out
Total number of atom types         :  1
Total number of atoms              :  4
Total number of electrons          :  16
Atom type 1  (valence electrons)   :  C 4
Pseudopotential                    :  ./C.psp8
lloc                               :  4
Pseudocharge radii of atom type 1  :  1.80 0.09 1.82
Number of atoms of type 1          :  4
Estimated total memory usage       :  1.90 GB
========================================================================================
                            Self Consistent Field (SCF#1)                     
========================================================================================
Iteration     Free Energy (Ha/atom)    Magnetization     SCF Error        Timing (sec)
1            -4.8141676595E+00         1.3061E+00        8.407E-01        664.478
2            -5.6133377702E+00         3.0553E-01        5.273E-01        135.374
3            -5.6536165375E+00         8.3673E-04        5.752E-01        134.855
4            -5.6621556997E+00         1.6448E-05        4.183E-01        133.981
5            -5.6638315202E+00         1.6448E-05        3.548E-01        134.928
6            -5.6656386808E+00         1.6448E-05        2.462E-01        133.967
7            -5.6670958885E+00         1.6448E-05        7.191E-02        134.736
8            -5.6672608570E+00         9.0340E-06        2.438E-02        135.555
9            -5.6673377868E+00         1.1409E-05        9.196E-03        134.921
10           -5.6673498797E+00         4.9477E-06        4.263E-03        134.272
11           -5.6673501891E+00         7.2639E-07        1.440E-03        132.467
12           -5.6673499909E+00         4.1848E-07        6.644E-04        134.520
13           -5.6673496829E+00         3.1911E-07        3.690E-04        133.295
14           -5.6673490819E+00         6.0734E-07        1.861E-04        132.757
15           -5.6673496801E+00         1.3328E-07        6.108E-05        133.999
Total number of SCF: 15    
====================================================================
                                Energy                              
====================================================================
Free energy per atom               : -5.6673496801E+00 (Ha/atom)
Total free energy                  : -2.2669398720E+01 (Ha)
Band structure energy              : -7.7745643594E+00 (Ha)
Exchange correlation energy        : -7.0627764124E+00 (Ha)
Self and correction energy         : -5.8658479476E+01 (Ha)
Entropy*kb*T                       : -3.4247266466E-07 (Ha)
Fermi level                        : -1.1832002414E-01 (Ha)
Net Magnetization                  :  1.3328266668E-07 
Average force                      :  1.2101671753E-01 (Ha/Bohr)
Maximum force                      :  1.2122689121E-01 (Ha/Bohr)
Time for force calculation         :  32.685 (sec)
Stress (Ha/Bohr)                   :
  9.6267900402E-01 
Stress equiv. all periodic (GPa)   :
  9.7730470768E+00 
Max stress                         :  9.6267900402E-01 (Ha/Bohr)
Max stress equiv. all periodic     :  9.7730470768E+00 (GPa)
Time for stress calculation        :  5.930 (sec)
