***************************************************************************
*                          M-SPARC (Feb 20, 2020)                         *
*   Copyright (c) 2019 Material Physics & Mechanics Group, Georgia Tech   *
*           Distributed under GNU General Public License 3 (GPL)          *
*                Date: 28-Oct-2022  Start time: 12:55:10                  *
***************************************************************************
                           Input parameters                                
***************************************************************************
CELL: 24.000000 0.418879 4.647785 
FD_GRID: 120 40 23
FD_ORDER: 12
BC: D C P
KPOINT_GRID: 1 10 1
KPOINT_SHIFT: 0 0 0
SPIN_TYP: 2
ELEC_TEMP_TYPE: gaussian
SMEARING: 0.007349864
CHEB_DEGREE: 35
NSTATES: 15
EXCHANGE_CORRELATION: GGA_PBE
CALC_STRESS: 1
MAXIT_SCF: 100
TOL_SCF: 1.00E-04
TOL_POISSON: 1.00E-06
TOL_LANCZOS: 1.00E-02
TOL_PSEUDOCHARGE: 1.00E-06
MIXING_VARIABLE: potential
MIXING_PRECOND: none
MIXING_PARAMETER: 0.30
MIXING_HISTORY: 7
PULAY_FREQUENCY: 1
PULAY_RESTART_FREQ: 0
REFERENCE_CUTOFF: 0.50
RHO_TRIGGER: 4
FIX_RAND: 0
PRINT_FORCES: 1
PRINT_ATOMS: 1
PRINT_EIGEN: 1
PRINT_DENSITY: 0
OUTPUT_FILE: /storage/hive/scratch/6/abhardwaj73/Spin_GGA_check/MSPARC/Cyclix_MS_200220/GGA_spin_CNT_sg15/C.out
***************************************************************************
                             Initialization                                
***************************************************************************
Mesh spacing in x-direction        :  0.200000 (Bohr)
Mesh spacing in y-direction        :  0.201255 (Bohr)
Mesh spacing in z direction        :  0.202078 (Bohr)
Number of symmetry adapted k-points:  8
Output printed to                  :  /storage/hive/scratch/6/abhardwaj73/Spin_GGA_check/MSPARC/Cyclix_MS_200220/GGA_spin_CNT_sg15/C.out
Total number of atom types         :  1
Total number of atoms              :  4
Total number of electrons          :  16
Atom type 1  (valence electrons)   :  C 4
Pseudopotential                    :  ./C.psp8
lloc                               :  4
Pseudocharge radii of atom type 1  :  1.80 0.09 1.82
Number of atoms of type 1          :  4
Estimated total memory usage       :  1.90 GB
========================================================================================
                            Self Consistent Field (SCF#1)                     
========================================================================================
Iteration     Free Energy (Ha/atom)    Magnetization     SCF Error        Timing (sec)
1            -4.8141084539E+00         1.3062E+00        8.407E-01        666.517
2            -5.6133850597E+00         3.0771E-01        5.273E-01        135.932
3            -5.6536616566E+00         8.4801E-04        5.752E-01        135.647
4            -5.6622180490E+00         1.6448E-05        4.166E-01        133.757
5            -5.6638773168E+00         1.6448E-05        3.533E-01        133.942
6            -5.6656573096E+00         1.6448E-05        2.455E-01        136.484
7            -5.6671037501E+00         1.6448E-05        7.125E-02        136.134
8            -5.6672617758E+00         9.0477E-06        2.438E-02        133.233
9            -5.6673424015E+00         1.1614E-05        9.295E-03        133.693
10           -5.6673539032E+00         5.0480E-06        4.345E-03        134.022
11           -5.6673529074E+00         7.2953E-07        1.445E-03        131.834
12           -5.6673531472E+00         5.0471E-07        5.911E-04        131.763
13           -5.6673532284E+00         2.8942E-07        3.863E-04        133.563
14           -5.6673528392E+00         5.2174E-07        1.451E-04        130.606
15           -5.6673531701E+00         1.2675E-07        4.869E-05        130.652
Total number of SCF: 15    
====================================================================
                                Energy                              
====================================================================
Free energy per atom               : -5.6673531701E+00 (Ha/atom)
Total free energy                  : -2.2669412680E+01 (Ha)
Band structure energy              : -7.7782964460E+00 (Ha)
Exchange correlation energy        : -7.0628009100E+00 (Ha)
Self and correction energy         : -5.8658479476E+01 (Ha)
Entropy*kb*T                       : -3.4247289047E-07 (Ha)
Fermi level                        : -1.1854039950E-01 (Ha)
Net Magnetization                  :  1.2674729177E-07 
Average force                      :  1.2111855910E-01 (Ha/Bohr)
Maximum force                      :  1.2133604681E-01 (Ha/Bohr)
Time for force calculation         :  32.625 (sec)
Stress (Ha/Bohr)                   :
  9.6328376205E-01 
Stress equiv. all periodic (GPa)   :
  9.7791865363E+00 
Max stress                         :  9.6328376205E-01 (Ha/Bohr)
Max stress equiv. all periodic     :  9.7791865363E+00 (GPa)
Time for stress calculation        :  6.341 (sec)
